<?xml version="1.0" encoding="UTF-8"?>
<testng-results skipped="0" failed="0" ignored="0" total="1" passed="1">
  <reporter-output>
  </reporter-output>
  <suite name="Suite" duration-ms="49967" started-at="2020-07-03T18:42:42Z" finished-at="2020-07-03T18:43:32Z">
    <groups>
      <group name="cucumber">
        <method signature="AbstractTestNGCucumberTests.feature(cucumber.api.testng.CucumberFeatureWrapper)[pri:0, instance:cucumberOptions.testRunner@20322d26]" name="feature" class="cucumber.api.testng.AbstractTestNGCucumberTests"/>
      </group> <!-- cucumber -->
    </groups>
    <test name="Test" duration-ms="49967" started-at="2020-07-03T18:42:42Z" finished-at="2020-07-03T18:43:32Z">
      <class name="cucumberOptions.testRunner">
        <test-method status="PASS" signature="setUpClass()[pri:0, instance:cucumberOptions.testRunner@20322d26]" name="setUpClass" is-config="true" duration-ms="358" started-at="2020-07-03T18:42:43Z" finished-at="2020-07-03T18:42:43Z">
          <reporter-output>
          </reporter-output>
        </test-method> <!-- setUpClass -->
        <test-method status="PASS" signature="feature(cucumber.api.testng.CucumberFeatureWrapper)[pri:0, instance:cucumberOptions.testRunner@20322d26]" name="feature" duration-ms="49467" started-at="2020-07-03T18:42:43Z" description="Runs Cucumber Feature" data-provider="features" finished-at="2020-07-03T18:43:32Z">
          <params>
            <param index="0">
              <value>
                <![CDATA[Application Login]]>
              </value>
            </param>
          </params>
          <reporter-output>
          </reporter-output>
        </test-method> <!-- feature -->
        <test-method status="PASS" signature="tearDownClass()[pri:0, instance:cucumberOptions.testRunner@20322d26]" name="tearDownClass" is-config="true" duration-ms="4" started-at="2020-07-03T18:43:32Z" finished-at="2020-07-03T18:43:32Z">
          <reporter-output>
          </reporter-output>
        </test-method> <!-- tearDownClass -->
      </class> <!-- cucumberOptions.testRunner -->
    </test> <!-- Test -->
  </suite> <!-- Suite -->
</testng-results>
